[debug] [2020-12-23T22:27:33.648Z] ----------------------------------------------------------------------
[debug] [2020-12-23T22:27:33.650Z] Command:       C:\Program Files\nodejs\node.exe C:\Users\tcb_p\AppData\Roaming\npm\node_modules\firebase-tools\lib\bin\firebase.js deploy
[debug] [2020-12-23T22:27:33.650Z] CLI Version:   8.6.0
[debug] [2020-12-23T22:27:33.650Z] Platform:      win32
[debug] [2020-12-23T22:27:33.650Z] Node Version:  v12.18.3
[debug] [2020-12-23T22:27:33.651Z] Time:          Wed Dec 23 2020 23:27:33 GMT+0100 (GMT+01:00)
[debug] [2020-12-23T22:27:33.651Z] ----------------------------------------------------------------------
[debug] [2020-12-23T22:27:33.651Z] 
[debug] [2020-12-23T22:27:33.657Z] > command requires scopes: ["email","openid","https://www.googleapis.com/auth/cloudplatformprojects.readonly","https://www.googleapis.com/auth/firebase","https://www.googleapis.com/auth/cloud-platform"]
[debug] [2020-12-23T22:27:33.657Z] > authorizing via signed-in user
[debug] [2020-12-23T22:27:33.657Z] [iam] checking project cna-rfeh for permissions ["firebase.projects.get","firebasehosting.sites.update"]
[debug] [2020-12-23T22:27:33.659Z] >>> HTTP REQUEST POST https://cloudresourcemanager.googleapis.com/v1/projects/cna-rfeh:testIamPermissions  
 {"permissions":["firebase.projects.get","firebasehosting.sites.update"]}
[debug] [2020-12-23T22:27:34.409Z] <<< HTTP RESPONSE 200 {"content-type":"application/json; charset=UTF-8","vary":"X-Origin, Referer, Origin,Accept-Encoding","date":"Wed, 23 Dec 2020 22:27:33 GMT","server":"ESF","cache-control":"private","x-xss-protection":"0","x-frame-options":"SAMEORIGIN","x-content-type-options":"nosniff","server-timing":"gfet4t7; dur=633","alt-svc":"h3-29=\":443\"; ma=2592000,h3-T051=\":443\"; ma=2592000,h3-Q050=\":443\"; ma=2592000,h3-Q046=\":443\"; ma=2592000,h3-Q043=\":443\"; ma=2592000,quic=\":443\"; ma=2592000; v=\"46,43\"","accept-ranges":"none","transfer-encoding":"chunked"}
[debug] [2020-12-23T22:27:34.413Z] >>> HTTP REQUEST GET https://firebase.googleapis.com/v1beta1/projects/cna-rfeh  
 
[debug] [2020-12-23T22:27:34.625Z] <<< HTTP RESPONSE 200 {"content-type":"application/json; charset=UTF-8","vary":"X-Origin, Referer, Origin,Accept-Encoding","date":"Wed, 23 Dec 2020 22:27:33 GMT","server":"ESF","cache-control":"private","x-xss-protection":"0","x-frame-options":"SAMEORIGIN","x-content-type-options":"nosniff","alt-svc":"h3-29=\":443\"; ma=2592000,h3-T051=\":443\"; ma=2592000,h3-Q050=\":443\"; ma=2592000,h3-Q046=\":443\"; ma=2592000,h3-Q043=\":443\"; ma=2592000,quic=\":443\"; ma=2592000; v=\"46,43\"","accept-ranges":"none","transfer-encoding":"chunked"}
[debug] [2020-12-23T22:27:34.625Z] [WARNING] Unable to fetch default resources. Falling back to project id (cna-rfeh)
[info] 
[info] === Deploying to 'cna-rfeh'...
[info] 
[info] i  deploying hosting 
[debug] [2020-12-23T22:27:34.628Z] >>> HTTP REQUEST POST https://firebasehosting.googleapis.com/v1beta1/sites/cna-rfeh/versions  
 {"config":{"rewrites":[{"glob":"**","path":"/index.html"}]},"labels":{"deployment-tool":"cli-firebase"}}
